[2025-11-15T21:57:46.615] [DEBUG] debug-file - Cache service initialization finished in 4 ms 
[2025-11-15T21:57:46.616] [DEBUG] debug-file - hvigorfile, resolving C:\Users\Ran\Desktop\List_commodity\hvigorfile.ts
[2025-11-15T21:57:46.618] [DEBUG] debug-file - hvigorfile, require result:  {}
[2025-11-15T21:57:46.618] [DEBUG] debug-file - hvigorfile, binding system plugins {}
[2025-11-15T21:57:46.623] [DEBUG] debug-file - Start initialize project's product build option map with build mode debug.
[2025-11-15T21:57:46.623] [DEBUG] debug-file - Picking option from product 'default' with build mode 'debug'.
[2025-11-15T21:57:46.623] [DEBUG] debug-file - Product 'default' build option initialized
[2025-11-15T21:57:46.623] [DEBUG] debug-file - End initialize project's product build option map with build mode 'debug'.
[2025-11-15T21:57:46.623] [DEBUG] debug-file - Obtain build option for product 'default'in this build.
[2025-11-15T21:57:46.624] [DEBUG] debug-file - No signingConfig found, initRemoteHspCache failed.
[2025-11-15T21:57:46.626] [DEBUG] debug-file - Start recording SDK configuration permission data.
[2025-11-15T21:57:46.652] [DEBUG] debug-file - Sdk init in 28 ms 
[2025-11-15T21:57:46.655] [DEBUG] debug-file - Project task initialization takes 3 ms 
[2025-11-15T21:57:46.655] [DEBUG] debug-file - hvigorfile, resolve finished C:\Users\Ran\Desktop\List_commodity\hvigorfile.ts
[2025-11-15T21:57:46.656] [DEBUG] debug-file - hvigorfile, resolving C:\Users\Ran\Desktop\List_commodity\entry\hvigorfile.ts
[2025-11-15T21:57:46.659] [DEBUG] debug-file - hvigorfile, require result:  {}
[2025-11-15T21:57:46.659] [DEBUG] debug-file - hvigorfile, binding system plugins {}
[2025-11-15T21:57:46.659] [DEBUG] debug-file - failed to load cangjie to dynamically generate schemas: Error: Cannot find module '@ohos/cangjie-build-support/index'
Require stack:
- D:\DevEco Studio\tools\hvigor\hvigor-ohos-plugin\src\plugin\factory\plugin-factory.js
- D:\DevEco Studio\tools\hvigor\hvigor-ohos-plugin\index.js
- C:\Users\Ran\Desktop\List_commodity\hvigorfile.ts
- D:\DevEco Studio\tools\hvigor\hvigor\src\base\internal\lifecycle\configuration.js
- D:\DevEco Studio\tools\hvigor\hvigor\src\base\boot\index.js
- D:\DevEco Studio\tools\hvigor\hvigor\src\base\daemon\cluster\worker-process-lifecycle.js
- D:\DevEco Studio\tools\hvigor\hvigor\src\base\daemon\process\daemon-process-boot-script.js
[2025-11-15T21:57:46.661] [DEBUG] debug-file - Start initialize module-target build option map, moduleName=entry, buildMode=release
[2025-11-15T21:57:46.661] [DEBUG] debug-file - Target 'default' config initialized
[2025-11-15T21:57:46.661] [DEBUG] debug-file - Module 'entry' target 'default' build option initialized
[2025-11-15T21:57:46.661] [DEBUG] debug-file - End initialize module-target build option map, moduleName=entry
[2025-11-15T21:57:46.661] [DEBUG] debug-file - Start initialize module-target build option map, moduleName=entry, buildMode=debug
[2025-11-15T21:57:46.661] [DEBUG] debug-file - Target 'default' config initialized
[2025-11-15T21:57:46.661] [DEBUG] debug-file - Module 'entry' target 'default' build option initialized
[2025-11-15T21:57:46.661] [DEBUG] debug-file - End initialize module-target build option map, moduleName=entry
[2025-11-15T21:57:46.661] [DEBUG] debug-file - Start initialize module-target build option map, moduleName=entry, buildMode=debug
[2025-11-15T21:57:46.661] [DEBUG] debug-file - Target 'default' config initialized
[2025-11-15T21:57:46.661] [DEBUG] debug-file - Module 'entry' target 'default' build option initialized
[2025-11-15T21:57:46.661] [DEBUG] debug-file - End initialize module-target build option map, moduleName=entry
[2025-11-15T21:57:46.661] [DEBUG] debug-file - Obtain build option for module 'entry' target 'default'in this build.
[2025-11-15T21:57:46.663] [DEBUG] debug-file - Module entry task initialization takes 1 ms 
[2025-11-15T21:57:46.663] [DEBUG] debug-file - hvigorfile, resolve finished C:\Users\Ran\Desktop\List_commodity\entry\hvigorfile.ts
[2025-11-15T21:57:46.678] [DEBUG] debug-file - hvigorfile, resolve hvigorfile dependencies in 15 ms 
[2025-11-15T21:57:46.678] [DEBUG] debug-file - project has submodules:entry
[2025-11-15T21:57:46.679] [DEBUG] debug-file - start to load updatedOhPackageInfo to the disk
[2025-11-15T21:57:46.683] [DEBUG] debug-file - load to the disk finished
[2025-11-15T21:57:46.684] [DEBUG] debug-file - Start to initialize dependency information.
[2025-11-15T21:57:46.685] [DEBUG] debug-file - Module List_commodity Collected Dependency: 
[2025-11-15T21:57:46.685] [DEBUG] debug-file - Module List_commodity's total dependency: 0
[2025-11-15T21:57:46.685] [DEBUG] debug-file - Start to initialize dependency information.
[2025-11-15T21:57:46.686] [DEBUG] debug-file - Module entry Collected Dependency: 
[2025-11-15T21:57:46.686] [DEBUG] debug-file - Module entry's total dependency: 0
[2025-11-15T21:57:46.687] [DEBUG] debug-file - Configuration phase cost:73 ms 
[2025-11-15T21:57:46.688] [DEBUG] debug-file - Configuration task cost before running: 79 ms 
[2025-11-15T21:57:46.690] [DEBUG] debug-file - Executing task :entry:default@PreBuild
[2025-11-15T21:57:46.690] [DEBUG] debug-file - Task 'entry:default@PreBuild' cost while wrapping incremental declarations: 1 ms 
[2025-11-15T21:57:46.693] [DEBUG] debug-file - Incremental task entry:default@PreBuild pre-execution cost: 3 ms .
[2025-11-15T21:57:46.693] [DEBUG] debug-file - entry : default@PreBuild cost memory 0.277801513671875
[2025-11-15T21:57:46.694] [INFO] debug-file - UP-TO-DATE :entry:default@PreBuild...  
[2025-11-15T21:57:46.695] [DEBUG] debug-file - Executing task :entry:default@CreateModuleInfo
[2025-11-15T21:57:46.695] [DEBUG] debug-file - Task 'entry:default@CreateModuleInfo' cost while wrapping incremental declarations: 1 ms 
[2025-11-15T21:57:46.695] [DEBUG] debug-file - entry : default@CreateModuleInfo cost memory 0.03911590576171875
[2025-11-15T21:57:46.695] [DEBUG] debug-file - runTaskFromQueue task cost before running: 86 ms 
[2025-11-15T21:57:46.695] [INFO] debug-file - Finished :entry:default@CreateModuleInfo... after 1 ms 
[2025-11-15T21:57:46.696] [DEBUG] debug-file - Executing task :entry:default@GenerateMetadata
[2025-11-15T21:57:46.697] [DEBUG] debug-file - Task 'entry:default@GenerateMetadata' cost while wrapping incremental declarations: 1 ms 
[2025-11-15T21:57:46.697] [DEBUG] debug-file - Incremental task entry:default@GenerateMetadata pre-execution cost: 1 ms .
[2025-11-15T21:57:46.697] [DEBUG] debug-file - entry : default@GenerateMetadata cost memory 0.08567047119140625
[2025-11-15T21:57:46.697] [INFO] debug-file - UP-TO-DATE :entry:default@GenerateMetadata...  
[2025-11-15T21:57:46.698] [DEBUG] debug-file - Executing task :entry:default@ConfigureCmake
[2025-11-15T21:57:46.698] [DEBUG] debug-file - entry : default@ConfigureCmake cost memory 0.0150909423828125
[2025-11-15T21:57:46.698] [DEBUG] debug-file - runTaskFromQueue task cost before running: 89 ms 
[2025-11-15T21:57:46.698] [INFO] debug-file - Finished :entry:default@ConfigureCmake... after 1 ms 
[2025-11-15T21:57:46.699] [DEBUG] debug-file - Executing task :entry:default@MergeProfile
[2025-11-15T21:57:46.700] [DEBUG] debug-file - Task 'entry:default@MergeProfile' cost while wrapping incremental declarations: 1 ms 
[2025-11-15T21:57:46.701] [DEBUG] debug-file - Incremental task entry:default@MergeProfile pre-execution cost: 1 ms .
[2025-11-15T21:57:46.701] [DEBUG] debug-file - entry : default@MergeProfile cost memory 0.1200103759765625
[2025-11-15T21:57:46.701] [INFO] debug-file - UP-TO-DATE :entry:default@MergeProfile...  
[2025-11-15T21:57:46.702] [DEBUG] debug-file - Executing task :entry:default@CreateBuildProfile
[2025-11-15T21:57:46.703] [DEBUG] debug-file - Task 'entry:default@CreateBuildProfile' cost while wrapping incremental declarations: 1 ms 
[2025-11-15T21:57:46.704] [DEBUG] debug-file - Incremental task entry:default@CreateBuildProfile pre-execution cost: 1 ms .
[2025-11-15T21:57:46.704] [DEBUG] debug-file - entry : default@CreateBuildProfile cost memory 0.0909423828125
[2025-11-15T21:57:46.705] [INFO] debug-file - UP-TO-DATE :entry:default@CreateBuildProfile...  
[2025-11-15T21:57:46.706] [DEBUG] debug-file - Executing task :entry:default@PreCheckSyscap
[2025-11-15T21:57:46.706] [DEBUG] debug-file - entry : default@PreCheckSyscap cost memory 0.01531219482421875
[2025-11-15T21:57:46.706] [DEBUG] debug-file - runTaskFromQueue task cost before running: 98 ms 
[2025-11-15T21:57:46.706] [INFO] debug-file - Finished :entry:default@PreCheckSyscap... after 1 ms 
[2025-11-15T21:57:46.708] [DEBUG] debug-file - Executing task :entry:default@GeneratePkgContextInfo
[2025-11-15T21:57:46.709] [DEBUG] debug-file - Task 'entry:default@GeneratePkgContextInfo' cost while wrapping incremental declarations: 1 ms 
[2025-11-15T21:57:46.710] [DEBUG] debug-file - entry : default@GeneratePkgContextInfo cost memory 0.1661529541015625
[2025-11-15T21:57:46.710] [DEBUG] debug-file - runTaskFromQueue task cost before running: 101 ms 
[2025-11-15T21:57:46.710] [INFO] debug-file - Finished :entry:default@GeneratePkgContextInfo... after 3 ms 
[2025-11-15T21:57:46.712] [DEBUG] debug-file - Executing task :entry:default@ProcessIntegratedHsp
[2025-11-15T21:57:46.712] [DEBUG] debug-file - entry:default@ProcessIntegratedHsp is not up-to-date, since the output file 'C:\Users\Ran\Desktop\List_commodity\build\cache\default\integrated_hsp\integratedHspCache.json' does not exist.
[2025-11-15T21:57:46.712] [DEBUG] debug-file - Incremental task entry:default@ProcessIntegratedHsp pre-execution cost: 1 ms .
[2025-11-15T21:57:46.712] [DEBUG] debug-file - entry : default@ProcessIntegratedHsp cost memory 0.060699462890625
[2025-11-15T21:57:46.712] [DEBUG] debug-file - runTaskFromQueue task cost before running: 104 ms 
[2025-11-15T21:57:46.712] [INFO] debug-file - Finished :entry:default@ProcessIntegratedHsp... after 1 ms 
[2025-11-15T21:57:46.713] [DEBUG] debug-file - Executing task :entry:default@BuildNativeWithCmake
[2025-11-15T21:57:46.713] [DEBUG] debug-file - entry : default@BuildNativeWithCmake cost memory 0.01613616943359375
[2025-11-15T21:57:46.713] [DEBUG] debug-file - runTaskFromQueue task cost before running: 105 ms 
[2025-11-15T21:57:46.713] [INFO] debug-file - Finished :entry:default@BuildNativeWithCmake... after 1 ms 
[2025-11-15T21:57:46.714] [DEBUG] debug-file - Executing task :entry:default@MakePackInfo
[2025-11-15T21:57:46.715] [DEBUG] debug-file - Incremental task entry:default@MakePackInfo pre-execution cost: 1 ms .
[2025-11-15T21:57:46.715] [DEBUG] debug-file - entry : default@MakePackInfo cost memory 0.09748077392578125
[2025-11-15T21:57:46.715] [INFO] debug-file - UP-TO-DATE :entry:default@MakePackInfo...  
[2025-11-15T21:57:46.716] [DEBUG] debug-file - Executing task :entry:default@SyscapTransform
[2025-11-15T21:57:46.716] [DEBUG] debug-file - File: 'C:\Users\Ran\Desktop\List_commodity\entry\src\main\syscap.json' from 'sysCapJsonPath' is not exists, just ignore.
[2025-11-15T21:57:46.716] [DEBUG] debug-file - Task 'entry:default@SyscapTransform' cost while wrapping incremental declarations: 1 ms 
[2025-11-15T21:57:46.717] [DEBUG] debug-file - entry:default@SyscapTransform is not up-to-date, since the output file 'C:\Users\Ran\Desktop\List_commodity\entry\build\default\intermediates\syscap\default\rpcid.sc' does not exist.
[2025-11-15T21:57:46.717] [DEBUG] debug-file - Incremental task entry:default@SyscapTransform pre-execution cost: 1 ms .
[2025-11-15T21:57:46.717] [DEBUG] debug-file - entry : default@SyscapTransform cost memory 0.13459014892578125
[2025-11-15T21:57:46.717] [DEBUG] debug-file - runTaskFromQueue task cost before running: 109 ms 
[2025-11-15T21:57:46.717] [INFO] debug-file - Finished :entry:default@SyscapTransform... after 2 ms 
[2025-11-15T21:57:46.719] [DEBUG] debug-file - Executing task :entry:default@ProcessProfile
[2025-11-15T21:57:46.719] [DEBUG] debug-file - Task 'entry:default@ProcessProfile' cost while wrapping incremental declarations: 1 ms 
[2025-11-15T21:57:46.720] [DEBUG] debug-file - Incremental task entry:default@ProcessProfile pre-execution cost: 1 ms .
[2025-11-15T21:57:46.720] [DEBUG] debug-file - entry : default@ProcessProfile cost memory 0.12131500244140625
[2025-11-15T21:57:46.720] [INFO] debug-file - UP-TO-DATE :entry:default@ProcessProfile...  
[2025-11-15T21:57:46.721] [DEBUG] debug-file - Executing task :entry:default@ProcessRouterMap
[2025-11-15T21:57:46.722] [DEBUG] debug-file - Incremental task entry:default@ProcessRouterMap pre-execution cost: 1 ms .
[2025-11-15T21:57:46.722] [DEBUG] debug-file - entry : default@ProcessRouterMap cost memory 0.122955322265625
[2025-11-15T21:57:46.723] [INFO] debug-file - UP-TO-DATE :entry:default@ProcessRouterMap...  
[2025-11-15T21:57:46.723] [DEBUG] debug-file - Executing task :entry:default@ProcessShareConfig
[2025-11-15T21:57:46.724] [DEBUG] debug-file - Incremental task entry:default@ProcessShareConfig pre-execution cost: 1 ms .
[2025-11-15T21:57:46.724] [DEBUG] debug-file - entry : default@ProcessShareConfig cost memory 0.10787200927734375
[2025-11-15T21:57:46.724] [INFO] debug-file - UP-TO-DATE :entry:default@ProcessShareConfig...  
[2025-11-15T21:57:46.725] [DEBUG] debug-file - Executing task :entry:default@ProcessStartupConfig
[2025-11-15T21:57:46.725] [DEBUG] debug-file - Task 'entry:default@ProcessStartupConfig' cost while wrapping incremental declarations: 1 ms 
[2025-11-15T21:57:46.725] [DEBUG] debug-file - entry:default@ProcessStartupConfig is not up-to-date, since the output file 'C:\Users\Ran\Desktop\List_commodity\entry\build\default\intermediates\startup\default\startup_config.json' does not exist.
[2025-11-15T21:57:46.725] [DEBUG] debug-file - Incremental task entry:default@ProcessStartupConfig pre-execution cost: 1 ms .
[2025-11-15T21:57:46.725] [DEBUG] debug-file - entry : default@ProcessStartupConfig cost memory 0.1005401611328125
[2025-11-15T21:57:46.725] [DEBUG] debug-file - runTaskFromQueue task cost before running: 117 ms 
[2025-11-15T21:57:46.725] [INFO] debug-file - Finished :entry:default@ProcessStartupConfig... after 1 ms 
[2025-11-15T21:57:46.726] [DEBUG] debug-file - Executing task :entry:default@BuildNativeWithNinja
[2025-11-15T21:57:46.726] [DEBUG] debug-file - entry : default@BuildNativeWithNinja cost memory 0.02281951904296875
[2025-11-15T21:57:46.726] [DEBUG] debug-file - runTaskFromQueue task cost before running: 118 ms 
[2025-11-15T21:57:46.726] [INFO] debug-file - Finished :entry:default@BuildNativeWithNinja... after 1 ms 
[2025-11-15T21:57:46.727] [DEBUG] debug-file - restool module names: entry; moduleName=entry, taskName=default@ProcessResource
[2025-11-15T21:57:46.728] [DEBUG] debug-file - Executing task :entry:default@ProcessResource
[2025-11-15T21:57:46.728] [DEBUG] debug-file - Task 'entry:default@ProcessResource' cost while wrapping incremental declarations: 1 ms 
[2025-11-15T21:57:46.728] [DEBUG] debug-file - Incremental task entry:default@ProcessResource pre-execution cost: 1 ms .
[2025-11-15T21:57:46.728] [DEBUG] debug-file - entry : default@ProcessResource cost memory 0.13010406494140625
[2025-11-15T21:57:46.730] [INFO] debug-file - UP-TO-DATE :entry:default@ProcessResource...  
[2025-11-15T21:57:46.730] [DEBUG] debug-file - Executing task :entry:default@GenerateLoaderJson
[2025-11-15T21:57:46.731] [DEBUG] debug-file - Task 'entry:default@GenerateLoaderJson' cost while wrapping incremental declarations: 1 ms 
[2025-11-15T21:57:46.735] [DEBUG] debug-file - Incremental task entry:default@GenerateLoaderJson pre-execution cost: 4 ms .
[2025-11-15T21:57:46.735] [DEBUG] debug-file - entry : default@GenerateLoaderJson cost memory -1.170654296875
[2025-11-15T21:57:46.738] [INFO] debug-file - UP-TO-DATE :entry:default@GenerateLoaderJson...  
[2025-11-15T21:57:46.738] [DEBUG] debug-file - Executing task :entry:default@ProcessLibs
[2025-11-15T21:57:46.740] [DEBUG] debug-file - Incremental task entry:default@ProcessLibs pre-execution cost: 1 ms .
[2025-11-15T21:57:46.740] [DEBUG] debug-file - entry : default@ProcessLibs cost memory 0.10243988037109375
[2025-11-15T21:57:46.740] [INFO] debug-file - UP-TO-DATE :entry:default@ProcessLibs...  
[2025-11-15T21:57:46.741] [DEBUG] debug-file - restool module names: entry; moduleName=entry, taskName=default@CompileResource
[2025-11-15T21:57:46.741] [DEBUG] debug-file - Executing task :entry:default@CompileResource
[2025-11-15T21:57:46.749] [DEBUG] debug-file - Incremental task entry:default@CompileResource pre-execution cost: 8 ms .
[2025-11-15T21:57:46.749] [DEBUG] debug-file - entry : default@CompileResource cost memory 0.8733367919921875
[2025-11-15T21:57:46.750] [INFO] debug-file - UP-TO-DATE :entry:default@CompileResource...  
[2025-11-15T21:57:46.751] [DEBUG] debug-file - Executing task :entry:default@DoNativeStrip
[2025-11-15T21:57:46.751] [DEBUG] debug-file - Task 'entry:default@DoNativeStrip' cost while wrapping incremental declarations: 1 ms 
[2025-11-15T21:57:46.751] [DEBUG] debug-file - Incremental task entry:default@DoNativeStrip pre-execution cost: 1 ms .
[2025-11-15T21:57:46.752] [DEBUG] debug-file - entry : default@DoNativeStrip cost memory -1.6760025024414062
[2025-11-15T21:57:46.752] [INFO] debug-file - UP-TO-DATE :entry:default@DoNativeStrip...  
[2025-11-15T21:57:46.753] [DEBUG] debug-file - Executing task :entry:default@CompileArkTS
[2025-11-15T21:57:46.753] [DEBUG] debug-file - obfuscationOptions: undefined
[2025-11-15T21:57:46.758] [DEBUG] debug-file - build config:
[2025-11-15T21:57:46.758] [DEBUG] debug-file - {
  moduleType: 'entry',
  perf: 0,
  targetName: '.default',
  packageManagerType: 'ohpm',
  localPropertiesPath: 'C:\\Users\\Ran\\Desktop\\List_commodity\\local.properties',
  isPreview: false,
  isOhosTest: false,
  isLocalTest: false,
  buildMode: 'Debug',
  hotReloadBuild: undefined,
  watchMode: 'false',
  aceProfilePath: 'C:\\Users\\Ran\\Desktop\\List_commodity\\entry\\build\\default\\intermediates\\res\\default\\resources\\base\\profile',
  etsLoaderPath: 'D:\\DevEco Studio\\sdk\\default\\openharmony\\ets\\build-tools\\ets-loader',
  modulePath: 'C:\\Users\\Ran\\Desktop\\List_commodity\\entry',
  testFrameworkPar: {
    testMode: undefined,
    coveragePathFilter: undefined,
    coverageMode: undefined
  },
  needCoverageInsert: false,
  debugLine: false,
  projectTopDir: 'C:\\Users\\Ran\\Desktop\\List_commodity',
  compileSdkVersion: 20,
  compatibleSdkVersion: 17,
  compatibleSdkVersionStage: undefined,
  bundleName: 'c***y',
  etsLoaderVersion: '6.0.0.47',
  etsLoaderReleaseType: 'Release',
  aotCompileMode: 'type',
  apPath: 'C:\\Users\\Ran\\Desktop\\List_commodity\\entry\\modules.ap',
  entryModuleName: 'entry',
  entryModuleVersion: '1.0.0',
  entryPackageName: 'entry',
  allModuleNameHash: '46dc69cfbe882dbb4ab08d779a14723b',
  externalApiPaths: [ 'D:\\DevEco Studio\\sdk\\default\\hms\\ets' ],
  compilerTypes: [],
  isCrossplatform: false,
  hvigorPluginFile: undefined,
  compilePluginPath: undefined,
  buildGeneratedProfilePath: 'C:\\Users\\Ran\\Desktop\\List_commodity\\entry\\build\\default\\generated\\profile\\default',
  bundleType: 'app',
  arkTSVersion: undefined,
  apiVersion: 20,
  needCompleteSourcesMap: false,
  isFaMode: false,
  strictMode: undefined,
  buildDir: 'C:\\Users\\Ran\\Desktop\\List_commodity\\entry\\build',
  deviceTypes: [ 'phone' ],
  useNormalizedOHMUrl: false,
  pkgContextInfo: undefined,
  ohPackagePathMap: {},
  dependencyAliasMap: {},
  permission: { requestPermissions: undefined, definePermissions: undefined },
  integratedHsp: false,
  projectArkOption: undefined,
  sourceMapDir: undefined,
  branchElimination: false,
  transformLib: undefined,
  caseSensitiveCheck: false,
  tsImportSendable: false,
  resolveConflictMode: true,
  depName2RootPath: {},
  depName2DepInfo: {},
  rootPathSet: [ 'C:\\Users\\Ran\\Desktop\\List_commodity' ],
  useNativeResolver: true,
  shouldEmitJs: true,
  useTscResolve: false,
  singleFileEmit: false,
  userProjectConfig: {
    autoLazyImport: false,
    allowEmptyBundleName: false,
    reExportCheckMode: 'noCheck',
    executionMode: 'memory',
    usePathPlaceholder: false,
    writeRollupCache: true,
    isExpandImportEnabled: false,
    expandImportExclude: '',
    ignoreCrossplatformCheck: false,
    isPreloadSoEnabled: false
  },
  skipOhModulesLint: false,
  executionMode: 'memory',
  autoLazyImport: false,
  allowEmptyBundleName: false,
  reExportCheckMode: 'noCheck',
  usePathPlaceholder: false,
  writeRollupCache: true,
  isExpandImportEnabled: false,
  expandImportExclude: '',
  ignoreCrossplatformCheck: false,
  isPreloadSoEnabled: false,
  arkCompileCachePath: 'C:\\Users\\Ran\\Desktop\\List_commodity\\entry\\build\\default\\cache\\default\\default@CompileArkTS\\esmodule',
  aceModuleJsonPath: 'C:\\Users\\Ran\\Desktop\\List_commodity\\entry\\build\\default\\intermediates\\res\\default\\ark_module.json',
  appResource: 'C:\\Users\\Ran\\Desktop\\List_commodity\\entry\\build\\default\\intermediates\\res\\default\\ResourceTable.txt',
  rawFileResource: 'C:\\Users\\Ran\\Desktop\\List_commodity\\entry\\build\\default\\intermediates\\res\\default\\resources\\rawfile',
  resourceTableHash: '5dff0cfafe5e60778882a0aeb407f9d2',
  runtimeOS: 'HarmonyOS',
  sdkInfo: 'false:20:6.0.0.47:Release',
  aceModuleRoot: 'C:\\Users\\Ran\\Desktop\\List_commodity\\entry\\src\\main\\ets',
  compileMode: 'esmodule',
  aceSuperVisualPath: 'C:\\Users\\Ran\\Desktop\\List_commodity\\entry\\src\\main\\supervisual',
  aceBuildJson: 'C:\\Users\\Ran\\Desktop\\List_commodity\\entry\\build\\default\\intermediates\\loader\\default\\loader.json',
  cachePath: 'C:\\Users\\Ran\\Desktop\\List_commodity\\entry\\build\\default\\cache\\default\\default@CompileArkTS\\esmodule\\debug',
  aceModuleBuild: 'C:\\Users\\Ran\\Desktop\\List_commodity\\entry\\build\\default\\intermediates\\loader_out\\default\\ets',
  supportChunks: true,
  declaredFilesPath: undefined,
  shouldCollectDirectImportees: false,
  isByteCodeHarOptimize: false,
  expandImportPath: undefined,
  pkgNameToPkgBriefInfo: {
    entry: {
      pkgRoot: 'C:\\Users\\Ran\\Desktop\\List_commodity\\entry',
      originalSourceRoots: undefined,
      sourceRoots: [Array],
      pkgName: 'entry'
    }
  },
  projectModel: {
    'C:\\Users\\Ran\\Desktop\\List_commodity\\entry\\src\\main': {
      moduleName: 'entry',
      modulePkgPath: 'C:\\Users\\Ran\\Desktop\\List_commodity\\entry',
      belongProjectPath: 'C:\\Users\\Ran\\Desktop\\List_commodity'
    },
    'C:\\Users\\Ran\\Desktop\\List_commodity\\entry': {
      moduleName: 'entry',
      modulePkgPath: 'C:\\Users\\Ran\\Desktop\\List_commodity\\entry',
      belongProjectPath: 'C:\\Users\\Ran\\Desktop\\List_commodity'
    },
    'C:\\Users\\Ran\\Desktop\\List_commodity': {
      moduleName: 'List_commodity',
      modulePkgPath: 'C:\\Users\\Ran\\Desktop\\List_commodity',
      belongProjectPath: 'C:\\Users\\Ran\\Desktop\\List_commodity'
    }
  },
  pkgJsonFileHash: '73952b0c20fc6d4c363e85190646ec08',
  allModulePaths: [ 'C:\\Users\\Ran\\Desktop\\List_commodity\\entry' ],
  routerMap: {},
  obfuscationOptions: undefined,
  byteCodeHarToDependencyKeys: undefined,
  compileBlockPkg: [],
  mockParams: {
    decorator: '@MockSetup',
    packageName: '@ohos/hamock',
    etsSourceRootPath: 'src/main/ets',
    mockConfigPath: undefined,
    mockConfigKey2ModuleInfo: {},
    source2ModuleIdMap: {}
  },
  copyCodeResourceEnable: true,
  copyCodeResourceExcludes: [],
  copyCodeResourceIncludes: undefined,
  uiTransformOptimization: false,
  sdkPath: 'D:/DevEco Studio/sdk',
  needPreloadSoFileSet: {},
  preloadSoFilePath: 'C:\\Users\\Ran\\Desktop\\List_commodity\\entry\\build\\default\\intermediates\\preload\\default\\preload.json',
  useSourceHash: false,
  localModuleParamMap: {},
  otherPaths: {
    'entry/*': [
      '..\\*',
      '..\\..\\..\\build\\default\\generated\\profile\\default\\*'
    ]
  },
  collectImportersConfig: undefined
}
[2025-11-15T21:57:46.758] [DEBUG] debug-file - Compile arkts with external api path: D:\DevEco Studio\sdk\default\hms\ets
[2025-11-15T21:57:46.758] [DEBUG] debug-file - default@CompileArkTS work[92] is submitted.
[2025-11-15T21:57:46.758] [DEBUG] debug-file - default@CompileArkTS work[92] is pushed to ready queue.
[2025-11-15T21:57:46.758] [DEBUG] debug-file - A work dispatched to worker[15] failed because unable to get work from ready queue.
[2025-11-15T21:57:46.758] [DEBUG] debug-file - A work dispatched to worker[14] failed because unable to get work from ready queue.
[2025-11-15T21:57:46.758] [DEBUG] debug-file - A work dispatched to worker[13] failed because unable to get work from ready queue.
[2025-11-15T21:57:46.758] [DEBUG] debug-file - A work dispatched to worker[12] failed because unable to get work from ready queue.
[2025-11-15T21:57:46.758] [DEBUG] debug-file - A work dispatched to worker[11] failed because unable to get work from ready queue.
[2025-11-15T21:57:46.758] [DEBUG] debug-file - A work dispatched to worker[10] failed because unable to get work from ready queue.
[2025-11-15T21:57:46.758] [DEBUG] debug-file - A work dispatched to worker[9] failed because unable to get work from ready queue.
[2025-11-15T21:57:46.758] [DEBUG] debug-file - A work dispatched to worker[8] failed because unable to get work from ready queue.
[2025-11-15T21:57:46.758] [DEBUG] debug-file - A work dispatched to worker[7] failed because unable to get work from ready queue.
[2025-11-15T21:57:46.758] [DEBUG] debug-file - A work dispatched to worker[6] failed because unable to get work from ready queue.
[2025-11-15T21:57:46.759] [DEBUG] debug-file - A work dispatched to worker[5] failed because unable to get work from ready queue.
[2025-11-15T21:57:46.759] [DEBUG] debug-file - default@CompileArkTS work[92] has been dispatched to worker[4].
[2025-11-15T21:57:46.759] [DEBUG] debug-file - default@CompileArkTS work[92] is dispatched.
[2025-11-15T21:57:46.759] [DEBUG] debug-file - CopyResources startTime: 2069975514101500
[2025-11-15T21:57:46.759] [DEBUG] debug-file - default@CompileArkTS work[93] is submitted.
[2025-11-15T21:57:46.759] [DEBUG] debug-file - default@CompileArkTS work[93] is pushed to ready queue.
[2025-11-15T21:57:46.759] [DEBUG] debug-file - A work dispatched to worker[15] failed because unable to get work from ready queue.
[2025-11-15T21:57:46.759] [DEBUG] debug-file - Create  resident worker with id: 14.
[2025-11-15T21:57:46.759] [DEBUG] debug-file - default@CompileArkTS work[93] has been dispatched to worker[14].
[2025-11-15T21:57:46.759] [DEBUG] debug-file - default@CompileArkTS work[93] is dispatched.
[2025-11-15T21:57:46.760] [DEBUG] debug-file - entry : default@CompileArkTS cost memory 1.1055755615234375
[2025-11-15T21:57:46.760] [DEBUG] debug-file - Executing task :entry:default@BuildJS
[2025-11-15T21:57:46.763] [DEBUG] debug-file - entry : default@BuildJS cost memory 0.1165924072265625
[2025-11-15T21:57:46.763] [DEBUG] debug-file - runTaskFromQueue task cost before running: 154 ms 
[2025-11-15T21:57:46.763] [INFO] debug-file - Finished :entry:default@BuildJS... after 3 ms 
[2025-11-15T21:57:46.764] [DEBUG] debug-file - Executing task :entry:default@CacheNativeLibs
[2025-11-15T21:57:46.764] [DEBUG] debug-file - Task 'entry:default@CacheNativeLibs' cost while wrapping incremental declarations: 1 ms 
[2025-11-15T21:57:46.764] [DEBUG] debug-file - Incremental task entry:default@CacheNativeLibs pre-execution cost: 1 ms .
[2025-11-15T21:57:46.765] [DEBUG] debug-file - entry : default@CacheNativeLibs cost memory 0.09169769287109375
[2025-11-15T21:57:46.765] [INFO] debug-file - UP-TO-DATE :entry:default@CacheNativeLibs...  
[2025-11-15T21:57:47.570] [DEBUG] debug-file - worker[4] has one work done.
[2025-11-15T21:57:47.571] [DEBUG] debug-file - default@CompileArkTS work[92] done.
[2025-11-15T21:57:47.572] [DEBUG] debug-file - A work dispatched to worker[4] failed because unable to get work from ready queue.
[2025-11-15T21:57:47.606] [DEBUG] debug-file - worker[14] has one work done.
[2025-11-15T21:57:47.606] [DEBUG] debug-file - CopyResources is end, endTime: 2069976361538200
[2025-11-15T21:57:47.606] [DEBUG] debug-file - default@CompileArkTS work[93] done.
[2025-11-15T21:57:47.606] [DEBUG] debug-file - A work dispatched to worker[14] failed because unable to get work from ready queue.
[2025-11-15T21:57:47.607] [INFO] debug-file - Finished :entry:default@CompileArkTS... after 829 ms 
[2025-11-15T21:57:47.608] [DEBUG] debug-file - Executing task :entry:default@GeneratePkgModuleJson
[2025-11-15T21:57:47.608] [DEBUG] debug-file - File: 'C:\Users\Ran\Desktop\List_commodity\entry\build\default\intermediates\preload\default\preload.json' from 'preloadSoJsonPath' is not exists, just ignore.
[2025-11-15T21:57:47.609] [DEBUG] debug-file - Task 'entry:default@GeneratePkgModuleJson' cost while wrapping incremental declarations: 1 ms 
[2025-11-15T21:57:47.609] [DEBUG] debug-file - entry:default@GeneratePkgModuleJson is not up-to-date, since the input file 'C:\Users\Ran\Desktop\List_commodity\entry\build\default\intermediates\res\default\module.json' has been changed.
[2025-11-15T21:57:47.609] [DEBUG] debug-file - Incremental task entry:default@GeneratePkgModuleJson pre-execution cost: 1 ms .
[2025-11-15T21:57:47.610] [DEBUG] debug-file - entry : default@GeneratePkgModuleJson cost memory 0.10514068603515625
[2025-11-15T21:57:47.610] [DEBUG] debug-file - runTaskFromQueue task cost before running: 1 s 
[2025-11-15T21:57:47.610] [INFO] debug-file - Finished :entry:default@GeneratePkgModuleJson... after 2 ms 
[2025-11-15T21:57:47.611] [DEBUG] debug-file - Executing task :entry:default@ProcessCompiledResources
[2025-11-15T21:57:47.612] [DEBUG] debug-file - File: 'C:\Users\Ran\Desktop\List_commodity\entry\build\default\intermediates\preload\default\preload.json' from 'preloadSoJsonPath' is not exists, just ignore.
[2025-11-15T21:57:47.612] [DEBUG] debug-file - Task 'entry:default@ProcessCompiledResources' cost while wrapping incremental declarations: 1 ms 
[2025-11-15T21:57:47.612] [DEBUG] debug-file - entry : default@ProcessCompiledResources cost memory 0.06296539306640625
[2025-11-15T21:57:47.612] [DEBUG] debug-file - runTaskFromQueue task cost before running: 1 s 4 ms 
[2025-11-15T21:57:47.613] [INFO] debug-file - Finished :entry:default@ProcessCompiledResources... after 2 ms 
[2025-11-15T21:57:47.615] [DEBUG] debug-file - Executing task :entry:default@PackageHap
[2025-11-15T21:57:47.618] [DEBUG] debug-file - entry:default@PackageHap is not up-to-date, since the input file 'C:\Users\Ran\Desktop\List_commodity\entry\build\default\intermediates\res\default\module.json' has been changed.
[2025-11-15T21:57:47.618] [DEBUG] debug-file - Incremental task entry:default@PackageHap pre-execution cost: 3 ms .
[2025-11-15T21:57:47.619] [DEBUG] debug-file - Use tool [D:\DevEco Studio\sdk\default\openharmony\toolchains\lib\app_packing_tool.jar]
 [
  'java',
  '-Dfile.encoding=GBK',
  '-jar',
  'D:\\DevEco Studio\\sdk\\default\\openharmony\\toolchains\\lib\\app_packing_tool.jar',
  '--mode',
  'hap',
  '--force',
  'true',
  '--lib-path',
  'C:\\Users\\Ran\\Desktop\\List_commodity\\entry\\build\\default\\intermediates\\stripped_native_libs\\default',
  '--json-path',
  'C:\\Users\\Ran\\Desktop\\List_commodity\\entry\\build\\default\\intermediates\\package\\default\\module.json',
  '--resources-path',
  'C:\\Users\\Ran\\Desktop\\List_commodity\\entry\\build\\default\\intermediates\\res\\default\\resources',
  '--index-path',
  'C:\\Users\\Ran\\Desktop\\List_commodity\\entry\\build\\default\\intermediates\\res\\default\\resources.index',
  '--pack-info-path',
  'C:\\Users\\Ran\\Desktop\\List_commodity\\entry\\build\\default\\outputs\\default\\pack.info',
  '--out-path',
  'C:\\Users\\Ran\\Desktop\\List_commodity\\entry\\build\\default\\outputs\\default\\entry-default-unsigned.hap',
  '--ets-path',
  'C:\\Users\\Ran\\Desktop\\List_commodity\\entry\\build\\default\\intermediates\\loader_out\\default\\ets'
]
[2025-11-15T21:57:47.909] [DEBUG] debug-file - java daemon socket received message:{"code":0,"message":"pack success"}
[2025-11-15T21:57:47.912] [DEBUG] debug-file - entry : default@PackageHap cost memory 0.472137451171875
[2025-11-15T21:57:47.912] [DEBUG] debug-file - runTaskFromQueue task cost before running: 1 s 304 ms 
[2025-11-15T21:57:47.913] [INFO] debug-file - Finished :entry:default@PackageHap... after 298 ms 
[2025-11-15T21:57:47.914] [DEBUG] debug-file - Executing task :entry:default@PackingCheck
[2025-11-15T21:57:47.919] [DEBUG] debug-file - entry : default@PackingCheck cost memory 0.38156890869140625
[2025-11-15T21:57:47.919] [DEBUG] debug-file - runTaskFromQueue task cost before running: 1 s 311 ms 
[2025-11-15T21:57:47.920] [INFO] debug-file - Finished :entry:default@PackingCheck... after 5 ms 
[2025-11-15T21:57:47.921] [DEBUG] debug-file - Executing task :entry:default@SignHap
[2025-11-15T21:57:47.921] [WARN] debug-file - Will skip sign 'hos_hap'. No signingConfigs profile is configured in current project.
             If needed, configure the signingConfigs in C:\Users\Ran\Desktop\List_commodity\build-profile.json5.
[2025-11-15T21:57:47.922] [DEBUG] debug-file - entry:default@SignHap is not up-to-date, since the input file 'C:\Users\Ran\Desktop\List_commodity\entry\build\default\outputs\default\entry-default-unsigned.hap' has been changed.
[2025-11-15T21:57:47.922] [DEBUG] debug-file - Incremental task entry:default@SignHap pre-execution cost: 1 ms .
[2025-11-15T21:57:47.922] [DEBUG] debug-file - entry : default@SignHap cost memory 0.09456634521484375
[2025-11-15T21:57:47.922] [DEBUG] debug-file - runTaskFromQueue task cost before running: 1 s 314 ms 
[2025-11-15T21:57:47.923] [INFO] debug-file - Finished :entry:default@SignHap... after 2 ms 
[2025-11-15T21:57:47.924] [DEBUG] debug-file - Executing task :entry:default@CollectDebugSymbol
[2025-11-15T21:57:47.924] [DEBUG] debug-file - entry : default@CollectDebugSymbol cost memory 0.094482421875
[2025-11-15T21:57:47.924] [DEBUG] debug-file - runTaskFromQueue task cost before running: 1 s 316 ms 
[2025-11-15T21:57:47.925] [INFO] debug-file - Finished :entry:default@CollectDebugSymbol... after 1 ms 
[2025-11-15T21:57:47.925] [DEBUG] debug-file - Executing task :entry:assembleHap
[2025-11-15T21:57:47.925] [DEBUG] debug-file - entry : assembleHap cost memory 0.01331329345703125
[2025-11-15T21:57:47.925] [DEBUG] debug-file - runTaskFromQueue task cost before running: 1 s 316 ms 
[2025-11-15T21:57:47.925] [INFO] debug-file - Finished :entry:assembleHap... after 1 ms 
[2025-11-15T21:57:47.935] [INFO] debug-file - BUILD SUCCESSFUL in 1 s 326 ms 
[2025-11-15T21:57:47.935] [DEBUG] debug-file - There is no need to refresh cache, since the incremental task entry:default@PreBuild is up-to-date.
[2025-11-15T21:57:47.935] [DEBUG] debug-file - Update task entry:default@CreateModuleInfo output file:C:\Users\Ran\Desktop\List_commodity\entry\build\default\generated\profile\default\ModuleInfo.ts cache.
[2025-11-15T21:57:47.935] [DEBUG] debug-file - Incremental task entry:default@CreateModuleInfo post-execution cost:1 ms .
[2025-11-15T21:57:47.935] [DEBUG] debug-file - There is no need to refresh cache, since the incremental task entry:default@GenerateMetadata is up-to-date.
[2025-11-15T21:57:47.935] [DEBUG] debug-file - There is no need to refresh cache, since the incremental task entry:default@MergeProfile is up-to-date.
[2025-11-15T21:57:47.935] [DEBUG] debug-file - There is no need to refresh cache, since the incremental task entry:default@CreateBuildProfile is up-to-date.
[2025-11-15T21:57:47.936] [DEBUG] debug-file - Update task entry:default@GeneratePkgContextInfo output file:C:\Users\Ran\Desktop\List_commodity\entry\build\default\intermediates\loader\default\pkgContextInfo.json cache.
[2025-11-15T21:57:47.936] [DEBUG] debug-file - Incremental task entry:default@GeneratePkgContextInfo post-execution cost:1 ms .
[2025-11-15T21:57:47.936] [DEBUG] debug-file - Update task entry:default@ProcessIntegratedHsp output file:C:\Users\Ran\Desktop\List_commodity\build\cache\default\integrated_hsp\integratedHspCache.json cache.
[2025-11-15T21:57:47.936] [DEBUG] debug-file - Incremental task entry:default@ProcessIntegratedHsp post-execution cost:1 ms .
[2025-11-15T21:57:47.936] [DEBUG] debug-file - There is no need to refresh cache, since the incremental task entry:default@MakePackInfo is up-to-date.
[2025-11-15T21:57:47.936] [DEBUG] debug-file - Update task entry:default@SyscapTransform input file:D:\DevEco Studio\sdk\default\openharmony\toolchains\syscap_tool.exe cache by regenerate.
[2025-11-15T21:57:47.936] [DEBUG] debug-file - Update task entry:default@SyscapTransform input file:D:\DevEco Studio\sdk\default\openharmony\ets\api\device-define cache by regenerate.
[2025-11-15T21:57:47.937] [DEBUG] debug-file - Update task entry:default@SyscapTransform output file:C:\Users\Ran\Desktop\List_commodity\entry\build\default\intermediates\syscap\default\rpcid.sc cache.
[2025-11-15T21:57:47.937] [DEBUG] debug-file - Incremental task entry:default@SyscapTransform post-execution cost:2 ms .
[2025-11-15T21:57:47.937] [DEBUG] debug-file - There is no need to refresh cache, since the incremental task entry:default@ProcessProfile is up-to-date.
[2025-11-15T21:57:47.937] [DEBUG] debug-file - There is no need to refresh cache, since the incremental task entry:default@ProcessRouterMap is up-to-date.
[2025-11-15T21:57:47.937] [DEBUG] debug-file - There is no need to refresh cache, since the incremental task entry:default@ProcessShareConfig is up-to-date.
[2025-11-15T21:57:47.938] [DEBUG] debug-file - Update task entry:default@ProcessStartupConfig output file:C:\Users\Ran\Desktop\List_commodity\entry\build\default\intermediates\startup\default\startup_config.json cache.
[2025-11-15T21:57:47.938] [DEBUG] debug-file - Incremental task entry:default@ProcessStartupConfig post-execution cost:1 ms .
[2025-11-15T21:57:47.938] [DEBUG] debug-file - There is no need to refresh cache, since the incremental task entry:default@ProcessResource is up-to-date.
[2025-11-15T21:57:47.938] [DEBUG] debug-file - There is no need to refresh cache, since the incremental task entry:default@GenerateLoaderJson is up-to-date.
[2025-11-15T21:57:47.938] [DEBUG] debug-file - There is no need to refresh cache, since the incremental task entry:default@ProcessLibs is up-to-date.
[2025-11-15T21:57:47.938] [DEBUG] debug-file - There is no need to refresh cache, since the incremental task entry:default@CompileResource is up-to-date.
[2025-11-15T21:57:47.938] [DEBUG] debug-file - There is no need to refresh cache, since the incremental task entry:default@DoNativeStrip is up-to-date.
[2025-11-15T21:57:47.939] [DEBUG] debug-file - Update task entry:default@CompileArkTS input file:C:\Users\Ran\Desktop\List_commodity\entry\build\default\intermediates\loader\default cache by regenerate.
[2025-11-15T21:57:47.939] [DEBUG] debug-file - Update task entry:default@CompileArkTS input file:C:\Users\Ran\Desktop\List_commodity\entry\build\default\intermediates\res\default\ResourceTable.txt cache by regenerate.
[2025-11-15T21:57:47.940] [DEBUG] debug-file - Update task entry:default@CompileArkTS input file:C:\Users\Ran\Desktop\List_commodity\entry\build\default\intermediates\res\default\ark_module.json cache by regenerate.
[2025-11-15T21:57:47.940] [DEBUG] debug-file - Update task entry:default@CompileArkTS input file:C:\Users\Ran\Desktop\List_commodity\entry\build\default\intermediates\res\default\resources\base\profile cache by regenerate.
[2025-11-15T21:57:47.940] [DEBUG] debug-file - Update task entry:default@CompileArkTS input file:C:\Users\Ran\Desktop\List_commodity\entry\src\main\ets cache by regenerate.
[2025-11-15T21:57:47.942] [DEBUG] debug-file - Update task entry:default@CompileArkTS input file:C:\Users\Ran\Desktop\List_commodity\entry\build\default\generated\profile\default\BuildProfile.ets cache by regenerate.
[2025-11-15T21:57:47.942] [DEBUG] debug-file - Update task entry:default@CompileArkTS output file:C:\Users\Ran\Desktop\List_commodity\entry\build\default\intermediates\loader_out\default\ets cache.
[2025-11-15T21:57:47.942] [DEBUG] debug-file - Incremental task entry:default@CompileArkTS post-execution cost:5 ms .
[2025-11-15T21:57:47.943] [DEBUG] debug-file - Update task entry:default@BuildJS input file:C:\Users\Ran\Desktop\List_commodity\entry\build\default\intermediates\loader\default cache by regenerate.
[2025-11-15T21:57:47.944] [DEBUG] debug-file - Update task entry:default@BuildJS input file:C:\Users\Ran\Desktop\List_commodity\entry\build\default\intermediates\res\default\ResourceTable.txt cache by regenerate.
[2025-11-15T21:57:47.944] [DEBUG] debug-file - Update task entry:default@BuildJS input file:C:\Users\Ran\Desktop\List_commodity\entry\build\default\intermediates\res\default\ark_module.json cache by regenerate.
[2025-11-15T21:57:47.945] [DEBUG] debug-file - Update task entry:default@BuildJS input file:C:\Users\Ran\Desktop\List_commodity\entry\build\default\intermediates\res\default\resources\base\profile cache by regenerate.
[2025-11-15T21:57:47.946] [DEBUG] debug-file - Update task entry:default@BuildJS output file:C:\Users\Ran\Desktop\List_commodity\entry\build\default\intermediates\loader_out\default\js cache.
[2025-11-15T21:57:47.946] [DEBUG] debug-file - Incremental task entry:default@BuildJS post-execution cost:4 ms .
[2025-11-15T21:57:47.946] [DEBUG] debug-file - There is no need to refresh cache, since the incremental task entry:default@CacheNativeLibs is up-to-date.
[2025-11-15T21:57:47.946] [DEBUG] debug-file - Update task entry:default@GeneratePkgModuleJson input file:C:\Users\Ran\Desktop\List_commodity\entry\build\default\intermediates\res\default\module.json cache from map.
[2025-11-15T21:57:47.946] [DEBUG] debug-file - Update task entry:default@GeneratePkgModuleJson output file:C:\Users\Ran\Desktop\List_commodity\entry\build\default\intermediates\package\default\module.json cache.
[2025-11-15T21:57:47.947] [DEBUG] debug-file - Incremental task entry:default@GeneratePkgModuleJson post-execution cost:1 ms .
[2025-11-15T21:57:47.947] [DEBUG] debug-file - Incremental task entry:default@ProcessCompiledResources post-execution cost:1 ms .
[2025-11-15T21:57:47.948] [DEBUG] debug-file - Update task entry:default@PackageHap input file:C:\Users\Ran\Desktop\List_commodity\entry\build\default\intermediates\stripped_native_libs\default cache by regenerate.
[2025-11-15T21:57:47.948] [DEBUG] debug-file - Update task entry:default@PackageHap input file:C:\Users\Ran\Desktop\List_commodity\entry\build\default\intermediates\res\default\module.json cache from map.
[2025-11-15T21:57:47.948] [DEBUG] debug-file - Update task entry:default@PackageHap input file:C:\Users\Ran\Desktop\List_commodity\entry\build\default\intermediates\res\default\resources cache by regenerate.
[2025-11-15T21:57:47.952] [DEBUG] debug-file - Update task entry:default@PackageHap input file:C:\Users\Ran\Desktop\List_commodity\entry\build\default\intermediates\res\default\resources.index cache by regenerate.
[2025-11-15T21:57:47.953] [DEBUG] debug-file - Update task entry:default@PackageHap input file:C:\Users\Ran\Desktop\List_commodity\entry\build\default\outputs\default\pack.info cache by regenerate.
[2025-11-15T21:57:47.953] [DEBUG] debug-file - Update task entry:default@PackageHap input file:C:\Users\Ran\Desktop\List_commodity\entry\build\default\intermediates\loader_out\default\ets cache by regenerate.
[2025-11-15T21:57:47.953] [DEBUG] debug-file - Update task entry:default@PackageHap input file:C:\Users\Ran\Desktop\List_commodity\entry\build\default\intermediates\loader_out\default\ets\sourceMaps.map cache by regenerate.
[2025-11-15T21:57:47.953] [DEBUG] debug-file - Update task entry:default@PackageHap input file:C:\Users\Ran\Desktop\List_commodity\entry\build\default\generated\profile\default\BuildProfile.ets cache by regenerate.
[2025-11-15T21:57:47.954] [DEBUG] debug-file - Update task entry:default@PackageHap output file:C:\Users\Ran\Desktop\List_commodity\entry\build\default\outputs\default\entry-default-unsigned.hap cache.
[2025-11-15T21:57:47.954] [DEBUG] debug-file - Update task entry:default@PackageHap output file:C:\Users\Ran\Desktop\List_commodity\entry\build\default\intermediates\source_map\default\sourceMaps.map cache.
[2025-11-15T21:57:47.954] [DEBUG] debug-file - Update task entry:default@PackageHap output file:C:\Users\Ran\Desktop\List_commodity\entry\build\default\outputs\default\mapping\sourceMaps.map cache.
[2025-11-15T21:57:47.954] [DEBUG] debug-file - Incremental task entry:default@PackageHap post-execution cost:8 ms .
[2025-11-15T21:57:47.954] [DEBUG] debug-file - Update task entry:default@SignHap input file:C:\Users\Ran\Desktop\List_commodity\entry\build\default\outputs\default\entry-default-unsigned.hap cache from map.
[2025-11-15T21:57:47.954] [DEBUG] debug-file - Update task entry:default@SignHap output file:C:\Users\Ran\Desktop\List_commodity\entry\build\default\outputs\default\entry-default-signed.hap cache.
[2025-11-15T21:57:47.955] [DEBUG] debug-file - Incremental task entry:default@SignHap post-execution cost:1 ms .
[2025-11-15T21:57:47.955] [DEBUG] debug-file - Update task entry:default@CollectDebugSymbol input file:C:\Users\Ran\Desktop\List_commodity\entry\build\default\intermediates\loader_out\default\ets\sourceMaps.map cache by regenerate.
[2025-11-15T21:57:47.955] [DEBUG] debug-file - Update task entry:default@CollectDebugSymbol input file:C:\Users\Ran\Desktop\List_commodity\entry\build\default\intermediates\libs\default cache by regenerate.
[2025-11-15T21:57:47.955] [DEBUG] debug-file - Update task entry:default@CollectDebugSymbol output file:C:\Users\Ran\Desktop\List_commodity\entry\build\default\outputs\default\symbol cache.
[2025-11-15T21:57:47.956] [DEBUG] debug-file - Incremental task entry:default@CollectDebugSymbol post-execution cost:1 ms .
